08/01/23-08:36:41:392 (14370) 0 [Generic.Event] Allocated 496MB shared memory
08/01/23-08:36:41:393 (14370) 0 [Generic.Event] 32MB global buffers, 80MB routine buffers, 64MB journal buffers, 5MB buffer descriptors, 300MB heap, 5MB ECP, 9MB miscellaneous
08/01/23-08:36:41:393 (14370) 0 [SIMD] SIMD optimization level: DEFAULT
08/01/23-08:36:41:404 (14370) 0 [WriteDaemon.UsingWIJFile] Using WIJ file: /usr/irissys/mgr/IRIS.WIJ
08/01/23-08:36:41:404 (14370) 0 [Generic.Event] No journaling info from prior system
08/01/23-08:36:41:404 (14370) 0 [WriteDaemon.CreatingNewWIJ] Creating a new WIJ file
08/01/23-08:36:41:425 (14370) 0 [WriteDaemon.CreatedNewWIJ] New WIJ file created
08/01/23-08:36:41:427 (14370) 0 [Generic.Event] 
Startup of InterSystems IRIS [IRIS for UNIX (Ubuntu Server LTS for ARM64 Containers) 2023.2 (Build 227U) Mon Jul 31 2023 17:43:25 EDT]
	in ../bin/
	with mgr: /usr/irissys/mgr
	with wij: /usr/irissys/mgr/IRIS.WIJ
	from: /usr/irissys/mgr/
  OS=[Linux], version=[#1 SMP Fri Apr 15 22:01:11 EDT 2022], release=[4.18.0-372.9.1.el8.aarch64], machine=[aarch64]
  nodename=[50be65151693].
  numasyncwijbuf: 2, wdwrite_asyncio_max: 64, wijdirectio: on, synctype: 3
  System Initialized.
08/01/23-08:36:41:436 (14403) 0 [WriteDaemon.Started] Write daemon started.
08/01/23-08:36:41:674 (14420) 0 [Database.MountedRW] Mounted database /usr/irissys/mgr/ (SFN 0) read-write.
08/01/23-08:36:41:705 (14427) 0 [Utility.Event] Starting ^INSTALL procedure
08/01/23-08:36:41:706 (14413) 0 [Database.StartExpansion] Starting Expansion for database /usr/irissys/mgr/. 24 MB requested.
08/01/23-08:36:41:773 (14413) 0 [Database.FullExpansion] Expansion completed for database /usr/irissys/mgr/. Expanded by 24 MB.
08/01/23-08:36:41:865 (14427) 0 [Utility.Event] Switching to temporary %SYS Namespace
08/01/23-08:36:41:893 (14427) 0 [Database.MountedRO] Mounted database /usr/irissys/mgr/irislib/ (SFN 1) read-only. Database label is marked read-only. 
08/01/23-08:36:42:934 (14427) 0 [Utility.Event] Creating missing IRISTEMP database in /usr/irissys/mgr/iristemp
08/01/23-08:36:42:938 (14427) 0 [Database.MountedRW] Mounted database /usr/irissys/mgr/iristemp/ (SFN 2) read-write.
08/01/23-08:36:43:000 (14427) 0 [Utility.Event] Creating IRISLOCALDATA database in /usr/irissys/mgr/irislocaldata/
08/01/23-08:36:43:102 (14427) 0 [Database.MountedRW] Mounted database /usr/irissys/mgr/irislocaldata/ (SFN 3) read-write.
08/01/23-08:36:43:208 (14427) 0 [Utility.Event] Switching to default %SYS Namespace
08/01/23-08:36:43:208 (14427) 0 [Utility.Event] Loading DLLs
08/01/23-08:36:45:540 (14427) 0 [Utility.Event] Loading Locale enuw (English, United States, Unicode) from objects
08/01/23-08:36:48:401 (14427) 0 [Database.MountedRW] Mounted database /usr/irissys/mgr/irisaudit/ (SFN 4) read-write.
08/01/23-08:36:48:476 (14427) 0 [Database.MountedRW] Mounted database /usr/irissys/mgr/user/ (SFN 5) read-write.
08/01/23-08:36:49:691 (14428) 0 [Utility.Event] WorkQueue: Starting work queue daemon parent=14427
08/01/23-08:36:49:692 (14413) 0 [Database.StartExpansion] Starting Expansion for database /usr/irissys/mgr/irislocaldata/. 10 MB requested.
08/01/23-08:36:49:714 (14413) 0 [Database.FullExpansion] Expansion completed for database /usr/irissys/mgr/irislocaldata/. Expanded by 10 MB.
08/01/23-08:36:49:833 (14413) 0 [Database.SparseDBExpansion] Expanding capacity of sparse database /usr/irissys/mgr/iristemp/ by 10 MB.
08/01/23-08:36:50:426 (14413) 0 [Database.StartExpansion] Starting Expansion for database /usr/irissys/mgr/. 10 MB requested.
08/01/23-08:36:50:448 (14413) 0 [Database.FullExpansion] Expansion completed for database /usr/irissys/mgr/. Expanded by 10 MB.
08/01/23-08:36:57:368 (14413) 0 [Database.StartExpansion] Starting Expansion for database /usr/irissys/mgr/. 10 MB requested.
08/01/23-08:36:57:438 (14413) 0 [Database.FullExpansion] Expansion completed for database /usr/irissys/mgr/. Expanded by 10 MB.
08/01/23-08:36:58:186 (14413) 0 [Database.SparseDBExpansion] Expanding capacity of sparse database /usr/irissys/mgr/iristemp/ by 10 MB.
08/01/23-08:37:01:444 (14413) 0 [Database.StartExpansion] Starting Expansion for database /usr/irissys/mgr/. 10 MB requested.
08/01/23-08:37:01:466 (14413) 0 [Database.FullExpansion] Expansion completed for database /usr/irissys/mgr/. Expanded by 10 MB.
08/01/23-08:37:05:171 (14413) 0 [Database.StartExpansion] Starting Expansion for database /usr/irissys/mgr/. 11 MB requested.
08/01/23-08:37:05:211 (14413) 0 [Database.FullExpansion] Expansion completed for database /usr/irissys/mgr/. Expanded by 11 MB.
08/01/23-08:37:05:392 (14427) 0 [Utility.Event] Setting Routine Cache to 300
08/01/23-08:37:05:424 (14427) 0 [Utility.Event] Routine Cache Set to 300 OK
08/01/23-08:37:07:606 (14427) 0 [Utility.Event] Finishing ^INSTALL procedure
08/01/23-08:37:07:624 (14434) 0 [Utility.Event] Shutting down InterSystems IRIS
08/01/23-08:37:07:657 (14434) 0 [Utility.Event] Notifying Clients
08/01/23-08:37:07:657 (14434) 0 [Utility.Event] No user shutdown routines to execute
08/01/23-08:37:07:658 (14434) 0 [Utility.Event] Stopping User Jobs
08/01/23-08:37:07:698 (14434) 0 [Utility.Event] Stopping Network Servers
08/01/23-08:37:07:699 (14434) 0 [Utility.Event] Withdrawing from License Domain
08/01/23-08:37:07:700 (14434) 0 [Utility.Event] Waiting for users to stop
08/01/23-08:37:07:700 (14434) 0 [Utility.Event] Stopping Client Networking
08/01/23-08:37:07:700 (14434) 0 [Utility.Event] Removing database locks
08/01/23-08:37:07:703 (14434) 0 [Utility.Event] Updating Journal File
08/01/23-08:37:07:703 (14434) 0 [Utility.Event] Journal restore not required at next startup
08/01/23-08:37:07:703 (14434) 0 [Utility.Event] Transaction rollback not required at next startup
08/01/23-08:37:09:703 (14434) 0 [Utility.Event] Waiting for database updates to complete
08/01/23-08:37:09:704 (14434) 0 [Utility.Event] Database updates complete
08/01/23-08:37:09:704 (14434) 0 [Utility.Event] Stopping System Jobs
08/01/23-08:37:09:804 (14413) 0 [Generic.Event] EXPDMN exited due to system shutdown
08/01/23-08:37:09:804 (14405) 0 [Generic.Event] JRNDMN exited due to system shutdown
08/01/23-08:37:09:807 (14404) 0 [Generic.Event] GARCOL exited due to system shutdown
08/01/23-08:37:09:908 (14407) 0 [Generic.Event] AUXWD #1 exited due to system shutdown
08/01/23-08:37:09:908 (14410) 0 [Generic.Event] AUXWD #2 exited due to system shutdown
08/01/23-08:37:09:913 (14406) 0 [Generic.Event] AUXWD #3 exited due to system shutdown
08/01/23-08:37:09:917 (14408) 0 [Generic.Event] AUXWD #4 exited due to system shutdown
08/01/23-08:37:09:917 (14409) 0 [Generic.Event] AUXWD #5 exited due to system shutdown
08/01/23-08:37:09:921 (14411) 0 [Generic.Event] AUXWD #6 exited due to system shutdown
08/01/23-08:37:09:921 (14412) 0 [Generic.Event] AUXWD #7 exited due to system shutdown
08/01/23-08:37:10:427 (14403) 0 [Generic.Event] No blocks pending in WIJ file
08/01/23-08:37:10:428 (14403) 0 [Generic.Event] WRTDMN exited due to system shutdown
08/01/23-08:37:10:525 (14370) 0 [Generic.Event] CONTROL exited due to system shutdown
08/01/23-08:37:11:625 (14434) 0 [Utility.Event] Shutdown complete



*** Recovery started at Tue Aug  1 08:37:16 2023
     Current default directory: /usr/irissys/mgr
     Log file directory: /usr/irissys/mgr/
     WIJ file spec: /usr/irissys/mgr/IRIS.WIJ
Recovering local (/usr/irissys/mgr/IRIS.WIJ) image journal file...
Starting WIJ recovery for '/usr/irissys/mgr/IRIS.WIJ'.
  0 blocks pending in this WIJ.
Exiting with status 3 (Success)
08/01/23-08:37:16:818 (14808) 0 [Generic.Event] Global buffer setting requires attention.  Auto-selected 25% of total memory.
08/01/23-08:37:16:869 (14808) 0 [Generic.Event] Allocated 36056MB shared memory
08/01/23-08:37:16:869 (14808) 0 [Generic.Event] 32530MB global buffers, 300MB routine buffers, 64MB journal buffers, 2172MB buffer descriptors, 976MB heap, 5MB ECP, 9MB miscellaneous
08/01/23-08:37:16:870 (14808) 0 [SIMD] SIMD optimization level: DEFAULT
08/01/23-08:37:17:287 (14808) 0 [WriteDaemon.UsingWIJFile] Using WIJ file: /usr/irissys/mgr/IRIS.WIJ
08/01/23-08:37:17:287 (14808) 0 [Generic.Event] No journaling info from prior system
08/01/23-08:37:17:287 (14808) 0 [WriteDaemon.CreatingNewWIJ] Creating a new WIJ file
08/01/23-08:37:17:316 (14808) 0 [WriteDaemon.CreatedNewWIJ] New WIJ file created
08/01/23-08:37:17:319 (14808) 0 [Generic.Event] 
Startup of InterSystems IRIS [IRIS for UNIX (Ubuntu Server LTS for ARM64 Containers) 2023.2 (Build 227U) Mon Jul 31 2023 17:43:25 EDT]
	in /usr/irissys/bin/
	with mgr: /usr/irissys/mgr
	with wij: /usr/irissys/mgr/IRIS.WIJ
	from: /usr/irissys/mgr/
  OS=[Linux], version=[#1 SMP Fri Apr 15 22:01:11 EDT 2022], release=[4.18.0-372.9.1.el8.aarch64], machine=[aarch64]
  nodename=[50be65151693].
  numasyncwijbuf: 2, wdwrite_asyncio_max: 64, wijdirectio: on, synctype: 3
  System Initialized.
08/01/23-08:37:17:327 (14849) 0 [WriteDaemon.Started] Write daemon started.
08/01/23-08:37:17:334 (14860) 0 [Database.MountedRW] Mounted database /usr/irissys/mgr/ (SFN 0) read-write.
08/01/23-08:37:17:342 (14860) 0 [Utility.Event] Instance 'IRIS' starting on node 50be65151693 by user irisowner on 08/01/2023 08:37:17.342 UTC
08/01/23-08:37:17:342 (14860) 0 [Utility.Event] Using parameters from file '/usr/irissys/iris.cpf'
08/01/23-08:37:17:343 (14860) 0 [Utility.Event] Loading DLLs
08/01/23-08:37:17:343 (14860) 0 [Database.MountedRO] Mounted database /usr/irissys/mgr/irislib/ (SFN 1) read-only. Database label is marked read-only. 
08/01/23-08:37:17:345 (14860) 0 [Utility.Event] Switching to temporary %SYS Namespace
08/01/23-08:37:17:346 (14860) 0 [Utility.Event] Loading Locale enuw (English, United States, Unicode) from objects
08/01/23-08:37:17:366 (14860) 0 [Utility.Event] Using OpenSSL 3.0.2 15 Mar 2022
08/01/23-08:37:17:380 (14860) 0 [Database.MountedRW] Mounted database /usr/irissys/mgr/iristemp/ (SFN 2) read-write.
08/01/23-08:37:17:383 (14860) 0 [Utility.Event] /usr/irissys/mgr/iristemp/ initialized as IRISTEMP
08/01/23-08:37:17:384 (14860) 0 [Database.MountedRW] Mounted database /usr/irissys/mgr/irislocaldata/ (SFN 3) read-write.
08/01/23-08:37:17:386 (14860) 0 [Utility.Event] Switching to default %SYS Namespace
08/01/23-08:37:17:516 (14861) 0 [Utility.Event] Log Monitor Started
08/01/23-08:37:17:623 (14867) 0 [Utility.Event] Clean Daemon Started
08/01/23-08:37:17:760 (14860) 0 [Utility.Event] Updating configuration information from /usr/irissys/iris.cpf
08/01/23-08:37:17:783 (14860) 0 [Utility.Event] Performing Journal Recovery
08/01/23-08:37:17:784 (14860) 0 [Utility.Event] Graceful system shutdown, journal restore not required
08/01/23-08:37:17:784 (14860) 0 [Utility.Event] Graceful system shutdown, transaction rollback not required
08/01/23-08:37:17:790 (14860) 0 [Utility.Event] START: /usr/irissys/mgr/journal/20230801.001
08/01/23-08:37:17:825 (14860) 0 [Generic.Event] INTERSYSTEMS IRIS JOURNALING SYSTEM MESSAGE
Journaling started to: /usr/irissys/mgr/journal/20230801.001
08/01/23-08:37:17:826 (14860) 0 [Utility.Event] Journaling to /usr/irissys/mgr/journal/20230801.001 started.
08/01/23-08:37:17:826 (14860) 0 [Utility.Event] Processing WorkQueues section
08/01/23-08:37:17:827 (14860) 0 [Utility.Event] Processing Startup section
08/01/23-08:37:17:832 (14868) 0 [Utility.Event] Purging old application errors
08/01/23-08:37:17:832 (14860) 0 [Utility.Event] Created temp directory /usr/irissys/mgr/Temp
08/01/23-08:37:17:833 (14860) 0 [Utility.Event] Processing config section
08/01/23-08:37:17:940 (14860) 0 [Utility.Event] Initializing Security system
08/01/23-08:37:18:053 (14860) 0 [Utility.Event] Processing Network section
08/01/23-08:37:18:054 (14860) 0 [Utility.Event] Activating Network
08/01/23-08:37:18:059 (14860) 0 [Utility.Event] Processing Databases section
08/01/23-08:37:18:061 (14860) 0 [Database.MountedRW] Mounted database /usr/irissys/mgr/irisaudit/ (SFN 4) read-write.
08/01/23-08:37:18:062 (14860) 0 [Utility.Event] Processing Namespaces section
08/01/23-08:37:18:062 (14860) 0 [Utility.Event] Loading all namespaces
08/01/23-08:37:18:108 (14860) 0 [Utility.Event] Activating namespaces
08/01/23-08:37:18:108 (14860) 0 [Utility.Event] Activating new namespace map
08/01/23-08:37:18:121 (14860) 0 [Utility.Event] Namespace changes have been activated
08/01/23-08:37:18:125 (14860) 0 [Utility.Event] Starting Super Server on port 1972
08/01/23-08:37:18:130 (14860) 0 [Utility.Event] Network Lock Upload Phase Starting
08/01/23-08:37:18:130 (14860) 0 [Utility.Event] Lock Upload Phase Complete
08/01/23-08:37:18:130 (14860) 0 [Utility.Event] Processing Miscellaneous section
08/01/23-08:37:18:141 (14873) 0 [Utility.Event] LMF Info:  Licensed for 8 users.
08/01/23-08:37:18:145 (14874) 0 [Utility.Event] Starting Servers
08/01/23-08:37:18:145 (14860) 0 [Utility.Event] Processing Devices section
08/01/23-08:37:18:145 (14860) 0 [Utility.Event] Processing DeviceSubTypes section
08/01/23-08:37:18:145 (14860) 0 [Utility.Event] Processing MagTape section
08/01/23-08:37:18:147 (14860) 0 [Utility.Event] Processing IO section
08/01/23-08:37:18:147 (14860) 0 [Utility.Event] Processing SQL section
08/01/23-08:37:18:148 (14860) 0 [Utility.Event] Processing Macro Pre-Processor (MPP) section
08/01/23-08:37:18:153 (14860) 0 [Database.MountedRW] Mounted database /usr/irissys/mgr/user/ (SFN 5) read-write.
08/01/23-08:37:18:153 (14860) 0 [Utility.Event] Processing OS Package Requirements section
08/01/23-08:37:18:179 (14860) 0 [Generic.Event] Auditing to /usr/irissys/mgr/irisaudit/
08/01/23-08:37:18:192 (14859) 0 [Database.StartExpansion] Starting Expansion for database /usr/irissys/mgr/irisaudit/. 10 MB requested.
08/01/23-08:37:18:215 (14859) 0 [Database.FullExpansion] Expansion completed for database /usr/irissys/mgr/irisaudit/. Expanded by 10 MB.
08/01/23-08:37:18:246 (14860) 0 [Utility.Event] Interoperability: Installing IRISHealth
08/01/23-08:37:18:257 (14874) 0 [Utility.Event] Private webserver started on 52773
08/01/23-08:37:18:257 (14874) 0 [Utility.Event] Processing Shadows section (this system as shadow)
08/01/23-08:37:18:264 (14874) 0 [Utility.Event] Processing Monitor section
08/01/23-08:37:18:288 (15027) 0 [Utility.Event] [SYSTEM MONITOR] System Monitor started in %SYS
08/01/23-08:37:18:296 (14874) 0 [Utility.Event] Shard license: 0
08/01/23-08:37:18:300 (15029) 0 [Utility.Event] WorkQueue: Starting work queue daemon parent=14874
08/01/23-08:37:18:765 (14860) 0 [Utility.Event] Enabling namespace 'USER' for Interoperability
08/01/23-08:37:18:785 (14860) 0 [Database.MountedRO] Mounted database /usr/irissys/mgr/enslib/ (SFN 6) read-only. Database label is marked read-only. 
08/01/23-08:37:19:325 (14860) 0 [Utility.Event] Activating USER namespace map
08/01/23-08:37:19:337 (14860) 0 [Utility.Event] Namespace USER changes have been activated
08/01/23-08:37:20:369 (14860) 0 [Utility.Event] Activating USER namespace map
08/01/23-08:37:20:380 (14860) 0 [Utility.Event] Namespace USER changes have been activated
08/01/23-08:37:20:381 (14860) 0 [Utility.Event] Enabling namespace 'USER' for Interoperability
08/01/23-08:37:20:939 (14860) 0 [Utility.Event] Activating USER namespace map
08/01/23-08:37:20:949 (14860) 0 [Utility.Event] Namespace USER changes have been activated
08/01/23-08:37:21:995 (14860) 0 [Generic.Event] Switched database /usr/irissys/mgr/irislib/ (SFN 1) to read-write.
08/01/23-08:37:23:003 (14860) 0 [Generic.Event] Switched database /usr/irissys/mgr/enslib/ (SFN 6) to read-write.
08/01/23-08:37:23:640 (14859) 0 [Database.StartExpansion] Starting Expansion for database /usr/irissys/mgr/enslib/. 23 MB requested.
08/01/23-08:37:23:689 (14859) 0 [Database.FullExpansion] Expansion completed for database /usr/irissys/mgr/enslib/. Expanded by 23 MB.
08/01/23-08:37:32:707 (14860) 0 [Generic.Event] Switched database /usr/irissys/mgr/irislib/ (SFN 1) to read-only.
08/01/23-08:37:32:708 (14860) 0 [Generic.Event] Switched database /usr/irissys/mgr/enslib/ (SFN 6) to read-only.
08/01/23-08:37:32:708 (14860) 0 [Utility.Event] Installation initialization sequence starting
08/01/23-08:37:32:829 (14860) 0 [Utility.Event] Activating HSLIB namespace map
08/01/23-08:37:32:835 (14860) 0 [Utility.Event] Namespace HSLIB changes have been activated
08/01/23-08:37:32:898 (14860) 0 [Utility.Event] Activating HSLIB namespace map
08/01/23-08:37:32:904 (14860) 0 [Utility.Event] Namespace HSLIB changes have been activated
08/01/23-08:37:32:968 (14860) 0 [Utility.Event] Activating HSLIB namespace map
08/01/23-08:37:32:973 (14860) 0 [Utility.Event] Namespace HSLIB changes have been activated
08/01/23-08:37:33:564 (14860) 0 [Utility.Event] Activating HSLIB namespace map
08/01/23-08:37:33:573 (14860) 0 [Utility.Event] Namespace HSLIB changes have been activated
08/01/23-08:37:33:575 (14860) 0 [Database.MountedRW] Mounted database /usr/irissys/mgr/hslib/ (SFN 7) read-write.
08/01/23-08:37:33:689 (14860) 0 [Utility.Event] Activating HSLIB namespace map
08/01/23-08:37:33:699 (14860) 0 [Utility.Event] Namespace HSLIB changes have been activated
08/01/23-08:37:33:820 (14860) 0 [Utility.Event] Activating HSLIB namespace map
08/01/23-08:37:33:830 (14860) 0 [Utility.Event] Namespace HSLIB changes have been activated
08/01/23-08:37:33:941 (14860) 0 [Utility.Event] Activating HSLIB namespace map
08/01/23-08:37:33:952 (14860) 0 [Utility.Event] Namespace HSLIB changes have been activated
08/01/23-08:37:34:061 (14860) 0 [Utility.Event] Activating HSLIB namespace map
08/01/23-08:37:34:070 (14860) 0 [Utility.Event] Namespace HSLIB changes have been activated
08/01/23-08:37:34:169 (14860) 0 [Utility.Event] Activating HSLIB namespace map
08/01/23-08:37:34:180 (14860) 0 [Utility.Event] Namespace HSLIB changes have been activated
08/01/23-08:37:34:195 (14860) 0 [Database.MountedRW] Mounted database /usr/irissys/mgr/hssys/ (SFN 8) read-write.
08/01/23-08:37:34:339 (14860) 0 [Utility.Event] Activating HSSYS namespace map
08/01/23-08:37:34:346 (14860) 0 [Utility.Event] Namespace HSSYS changes have been activated
08/01/23-08:37:34:528 (14860) 0 [Utility.Event] Activating HSSYS namespace map
08/01/23-08:37:34:536 (14860) 0 [Utility.Event] Namespace HSSYS changes have been activated
08/01/23-08:37:34:640 (14860) 0 [Database.MountedRW] Mounted database /usr/irissys/mgr/HSCUSTOM/ (SFN 9) read-write.
08/01/23-08:37:34:788 (14860) 0 [Utility.Event] Activating HSCUSTOM namespace map
08/01/23-08:37:34:795 (14860) 0 [Utility.Event] Namespace HSCUSTOM changes have been activated
08/01/23-08:37:34:971 (14860) 0 [Utility.Event] Activating HSCUSTOM namespace map
08/01/23-08:37:34:979 (14860) 0 [Utility.Event] Namespace HSCUSTOM changes have been activated
08/01/23-08:37:35:081 (14860) 0 [Utility.Event] Activating %SYS namespace map
08/01/23-08:37:35:086 (14860) 0 [Utility.Event] Namespace %SYS changes have been activated
08/01/23-08:37:35:200 (14860) 0 [Utility.Event] Activating HSSYS namespace map
08/01/23-08:37:35:208 (14860) 0 [Utility.Event] Namespace HSSYS changes have been activated
08/01/23-08:37:35:944 (14860) 0 [Utility.Event] Activating HSLIB namespace map
08/01/23-08:37:35:956 (14860) 0 [Utility.Event] Namespace HSLIB changes have been activated
08/01/23-08:37:36:645 (14860) 0 [Utility.Event] Activating HSSYS namespace map
08/01/23-08:37:36:657 (14860) 0 [Utility.Event] Namespace HSSYS changes have been activated
08/01/23-08:37:37:916 (14860) 0 [Utility.Event] Activating HSCUSTOM namespace map
08/01/23-08:37:37:927 (14860) 0 [Utility.Event] Namespace HSCUSTOM changes have been activated
08/01/23-08:37:38:105 (14860) 0 [Utility.Event] Activating HSCUSTOM namespace map
08/01/23-08:37:38:116 (14860) 0 [Utility.Event] Namespace HSCUSTOM changes have been activated
08/01/23-08:37:38:287 (14860) 0 [Utility.Event] Activating HSCUSTOM namespace map
08/01/23-08:37:38:299 (14860) 0 [Utility.Event] Namespace HSCUSTOM changes have been activated
08/01/23-08:37:39:189 (14859) 0 [Database.StartExpansion] Starting Expansion for database /usr/irissys/mgr/HSCUSTOM/. 10 MB requested.
08/01/23-08:37:39:211 (14859) 0 [Database.FullExpansion] Expansion completed for database /usr/irissys/mgr/HSCUSTOM/. Expanded by 10 MB.
08/01/23-08:38:09:137 (14859) 0 [Database.StartExpansion] Starting Expansion for database /usr/irissys/mgr/HSCUSTOM/. 10 MB requested.
08/01/23-08:38:09:159 (14859) 0 [Database.FullExpansion] Expansion completed for database /usr/irissys/mgr/HSCUSTOM/. Expanded by 10 MB.
08/01/23-08:38:09:879 (14860) 0 [Utility.Event] Activating HSSYS namespace map
08/01/23-08:38:09:892 (14860) 0 [Utility.Event] Namespace HSSYS changes have been activated
08/01/23-08:38:10:058 (14860) 0 [Utility.Event] Activating HSLIB namespace map
08/01/23-08:38:10:070 (14860) 0 [Utility.Event] Namespace HSLIB changes have been activated
08/01/23-08:38:18:067 (14859) 0 [Database.StartExpansion] Starting Expansion for database /usr/irissys/mgr/hslib/. 147 MB requested.
08/01/23-08:38:18:439 (14859) 0 [Database.FullExpansion] Expansion completed for database /usr/irissys/mgr/hslib/. Expanded by 147 MB.
08/01/23-08:38:34:600 (14859) 0 [Database.StartExpansion] Starting Expansion for database /usr/irissys/mgr/hssys/. 10 MB requested.
08/01/23-08:38:34:622 (14859) 0 [Database.FullExpansion] Expansion completed for database /usr/irissys/mgr/hssys/. Expanded by 10 MB.
08/01/23-08:38:52:579 (14859) 0 [Database.StartExpansion] Starting Expansion for database /usr/irissys/mgr/hssys/. 10 MB requested.
08/01/23-08:38:52:602 (14859) 0 [Database.FullExpansion] Expansion completed for database /usr/irissys/mgr/hssys/. Expanded by 10 MB.
08/01/23-08:39:01:206 (14860) 0 [Generic.Event] Switched database /usr/irissys/mgr/hslib/ (SFN 7) to read-only.
08/01/23-08:39:01:323 (14860) 0 [Utility.Event] Installation initialization sequence complete 
08/01/23-08:39:01:323 (14860) 0 [Utility.Event] Executing ^ZSTU routine
08/01/23-08:39:01:323 (14860) 0 [Utility.Event] Executing ^%ZSTART routine
08/01/23-08:39:01:323 (14860) 0 [Utility.Event] Enabling logons
08/01/23-08:39:01:324 (14860) 0 [Utility.Event] Rebuilding Extent index for namespace %SYS
08/01/23-08:39:02:558 (14860) 0 [Utility.Event] Rebuilding Extent index for namespace HSCUSTOM
08/01/23-08:39:05:306 (14860) 0 [Utility.Event] Rebuilding Extent index for namespace HSLIB
08/01/23-08:39:05:306 (14860) 0 [Utility.Event] Rebuilding Extent index for namespace HSSYS
08/01/23-08:39:05:541 (14860) 0 [Utility.Event] Rebuilding Extent index for namespace USER
08/01/23-08:39:05:581 (14859) 0 [Database.StartExpansion] Starting Expansion for database /usr/irissys/mgr/user/. 10 MB requested.
08/01/23-08:39:05:604 (14859) 0 [Database.FullExpansion] Expansion completed for database /usr/irissys/mgr/user/. Expanded by 10 MB.
08/01/23-08:39:05:649 (14860) 0 [Utility.Event] Rebuild of Extent index completed
08/01/23-08:39:05:717 (14860) 0 [Utility.Event] IRIS for UNIX (Ubuntu Server LTS for ARM64 Containers) 2023.2 (Build 227U) Mon Jul 31 2023 17:43:25 EDT [Health:5.1.3]
08/01/23-08:39:05:717 (14860) 0 [Utility.Event] Initializing Interoperability during system startup
08/01/23-08:39:06:300 (14974) 0 [Utility.Event] Starting TASKMGR
08/01/23-08:39:06:487 (15059) 0 [Utility.Event] Shutting down InterSystems IRIS
08/01/23-08:39:06:580 (15027) 0 [Utility.Event] [SYSTEM MONITOR] System Monitor stopped in %SYS
08/01/23-08:39:07:580 (15059) 0 [Utility.Event] Notifying Clients
08/01/23-08:39:07:580 (15059) 0 [Utility.Event] No user shutdown routines to execute
08/01/23-08:39:07:582 (15059) 0 [Utility.Event] Stopping User Jobs
08/01/23-08:39:07:706 (15059) 0 [Utility.Event] Stopping Network Servers
08/01/23-08:39:07:707 (15059) 0 [Utility.Event] Withdrawing from License Domain
08/01/23-08:39:07:707 (15059) 0 [Utility.Event] Waiting for users to stop
08/01/23-08:39:07:712 (15059) 0 [Generic.Event] Auditing stopped
08/01/23-08:39:07:712 (15059) 0 [Utility.Event] Stopping Client Networking
08/01/23-08:39:07:712 (15059) 0 [Utility.Event] Removing database locks
08/01/23-08:39:07:714 (15059) 0 [Utility.Event] Updating Journal File
08/01/23-08:39:07:915 (15059) 0 [Utility.Event] Journal restore not required at next startup
08/01/23-08:39:07:915 (15059) 0 [Utility.Event] Transaction rollback not required at next startup
08/01/23-08:39:09:117 (15059) 0 [Utility.Event] Waiting for database updates to complete
08/01/23-08:39:09:117 (15059) 0 [Utility.Event] Database updates complete
08/01/23-08:39:09:117 (15059) 0 [Utility.Event] Stopping System Jobs
08/01/23-08:39:09:238 (14859) 0 [Generic.Event] EXPDMN exited due to system shutdown
08/01/23-08:39:09:258 (14851) 0 [Generic.Event] JRNDMN exited due to system shutdown
08/01/23-08:39:09:278 (14850) 0 [Generic.Event] GARCOL exited due to system shutdown
08/01/23-08:39:09:378 (14852) 0 [Generic.Event] AUXWD #1 exited due to system shutdown
08/01/23-08:39:09:378 (14853) 0 [Generic.Event] AUXWD #2 exited due to system shutdown
08/01/23-08:39:09:394 (14854) 0 [Generic.Event] AUXWD #3 exited due to system shutdown
08/01/23-08:39:09:409 (14855) 0 [Generic.Event] AUXWD #4 exited due to system shutdown
08/01/23-08:39:09:418 (14856) 0 [Generic.Event] AUXWD #5 exited due to system shutdown
08/01/23-08:39:09:433 (14858) 0 [Generic.Event] AUXWD #7 exited due to system shutdown
08/01/23-08:39:09:433 (14857) 0 [Generic.Event] AUXWD #6 exited due to system shutdown
08/01/23-08:39:09:948 (14849) 0 [Generic.Event] No blocks pending in WIJ file
08/01/23-08:39:09:948 (14849) 0 [Generic.Event] WRTDMN exited due to system shutdown
08/01/23-08:39:10:048 (14808) 0 [Generic.Event] CONTROL exited due to system shutdown
08/01/23-08:39:11:065 (15059) 0 [Utility.Event] Shutdown complete



*** Recovery started at Tue Aug  1 08:39:11 2023
     Current default directory: /usr/irissys/mgr
     Log file directory: /usr/irissys/mgr/
     WIJ file spec: /usr/irissys/mgr/IRIS.WIJ
Recovering local (/usr/irissys/mgr/IRIS.WIJ) image journal file...
Starting WIJ recovery for '/usr/irissys/mgr/IRIS.WIJ'.
  0 blocks pending in this WIJ.
Exiting with status 3 (Success)
08/01/23-08:39:11:477 (15452) 0 [Generic.Event] Global buffer setting requires attention.  Auto-selected 25% of total memory.
08/01/23-08:39:11:530 (15452) 0 [Generic.Event] Allocated 36056MB shared memory
08/01/23-08:39:11:530 (15452) 0 [Generic.Event] 32530MB global buffers, 300MB routine buffers, 64MB journal buffers, 2172MB buffer descriptors, 976MB heap, 5MB ECP, 9MB miscellaneous
08/01/23-08:39:11:530 (15452) 0 [SIMD] SIMD optimization level: DEFAULT
08/01/23-08:39:12:149 (15452) 0 [WriteDaemon.UsingWIJFile] Using WIJ file: /usr/irissys/mgr/IRIS.WIJ
08/01/23-08:39:12:149 (15452) 0 [Generic.Event] Jrn info from prior WIJ (imflags: 0):
	wdpass: 0
	jrnwdpass: 18
	fspec: /usr/irissys/mgr/journal/20230801.001
	filecnt: 1
	fileoff: 0
	prevfcnt: 1
	prevfileoeff: 0
	min trans cnt: 1
	min trans index: 142715872
08/01/23-08:39:12:149 (15452) 0 [Generic.Event] InterSystems IRIS is started with NOSTU option.
08/01/23-08:39:12:151 (15452) 0 [Generic.Event] 
Startup of InterSystems IRIS [IRIS for UNIX (Ubuntu Server LTS for ARM64 Containers) 2023.2 (Build 227U) Mon Jul 31 2023 17:43:25 EDT]
	in /usr/irissys/bin/
	with mgr: /usr/irissys/mgr
	with wij: /usr/irissys/mgr/IRIS.WIJ
	from: /usr/irissys/mgr/
  OS=[Linux], version=[#1 SMP Fri Apr 15 22:01:11 EDT 2022], release=[4.18.0-372.9.1.el8.aarch64], machine=[aarch64]
  nodename=[50be65151693].
  numasyncwijbuf: 2, wdwrite_asyncio_max: 64, wijdirectio: on, synctype: 3
  System Initialized.
08/01/23-08:39:12:161 (15493) 0 [WriteDaemon.Started] Write daemon started.
08/01/23-08:39:12:187 (15525) 0 [Database.MountedRW] Mounted database /usr/irissys/mgr/ (SFN 0) read-write.
08/01/23-08:39:12:195 (15525) 0 [Database.MountedRO] Mounted database /usr/irissys/mgr/irislib/ (SFN 1) read-only. Database label is marked read-only. 
08/01/23-08:39:12:208 (15525) 0 [Database.MountedRW] Mounted database /usr/irissys/mgr/irislocaldata/ (SFN 2) read-write.
08/01/23-08:39:12:213 (15525) 2 [Utility.Event] SQL detected collation mismatch which can cause incorrect query results. Default process collation (5) is different from IRISTEMP database collation ()
08/01/23-08:39:12:519 (15543) 0 [Utility.Event] Shutting down InterSystems IRIS
08/01/23-08:39:12:648 (15543) 0 [Utility.Event] Notifying Clients
08/01/23-08:39:12:649 (15543) 0 [Utility.Event] No user shutdown routines to execute
08/01/23-08:39:12:650 (15543) 0 [Utility.Event] Stopping User Jobs
08/01/23-08:39:12:652 (15543) 0 [Utility.Event] Stopping Network Servers
08/01/23-08:39:12:654 (15543) 0 [Utility.Event] Withdrawing from License Domain
08/01/23-08:39:12:654 (15543) 0 [Utility.Event] Waiting for users to stop
08/01/23-08:39:12:655 (15543) 0 [Utility.Event] Stopping Client Networking
08/01/23-08:39:12:655 (15543) 0 [Utility.Event] Removing database locks
08/01/23-08:39:12:657 (15543) 0 [Utility.Event] Updating Journal File
08/01/23-08:39:12:657 (15543) 0 [Utility.Event] Skip jrnwait as WIJ update is disabled
08/01/23-08:39:13:657 (15543) 0 [Utility.Event] Waiting for database updates to complete
08/01/23-08:39:13:657 (15543) 0 [Utility.Event] Database updates complete
08/01/23-08:39:13:658 (15543) 0 [Utility.Event] Stopping System Jobs
08/01/23-08:39:13:758 (15503) 0 [Generic.Event] EXPDMN exited due to system shutdown
08/01/23-08:39:13:766 (15495) 0 [Generic.Event] JRNDMN exited due to system shutdown
08/01/23-08:39:13:766 (15494) 0 [Generic.Event] GARCOL exited due to system shutdown
08/01/23-08:39:13:874 (15497) 0 [Generic.Event] AUXWD #1 exited due to system shutdown
08/01/23-08:39:13:874 (15500) 0 [Generic.Event] AUXWD #2 exited due to system shutdown
08/01/23-08:39:13:882 (15496) 0 [Generic.Event] AUXWD #3 exited due to system shutdown
08/01/23-08:39:13:890 (15498) 0 [Generic.Event] AUXWD #4 exited due to system shutdown
08/01/23-08:39:13:890 (15499) 0 [Generic.Event] AUXWD #5 exited due to system shutdown
08/01/23-08:39:13:898 (15501) 0 [Generic.Event] AUXWD #6 exited due to system shutdown
08/01/23-08:39:13:898 (15502) 0 [Generic.Event] AUXWD #7 exited due to system shutdown
08/01/23-08:39:14:408 (15493) 0 [Generic.Event] No blocks pending in WIJ file
08/01/23-08:39:14:409 (15493) 0 [Generic.Event] WRTDMN exited due to system shutdown
08/01/23-08:39:14:506 (15452) 0 [Generic.Event] CONTROL exited due to system shutdown
08/01/23-08:39:15:606 (15543) 0 [Utility.Event] Shutdown complete
07/19/24-10:26:58:964 (395) 0 [Utility.Event] Executing /usr/irissys/bin/iris version
07/19/24-10:26:59:067 (395) 0 [Utility.Event] Executing /usr/irissys/bin/iris qlist
07/19/24-10:26:59:101 (395) 0 [Utility.Event] Moving data directory of instance IRIS to /irisdata/
07/19/24-10:26:59:101 (395) 0 [Utility.Event] ISC_DATA_DIRECTORY=/irisdata/
07/19/24-10:26:59:106 (395) 1 [Utility.Event] Warning: Directory /irisdata/ already exists
07/19/24-10:26:59:127 (395) 0 [Utility.Event] Creating directory /irisdata/
07/19/24-10:26:59:132 (395) 0 [Utility.Event] Executing chown irisowner:irisowner /irisdata/
07/19/24-10:26:59:664 (395) 0 [Utility.Event] Creating directory /irisdata/mgr/
07/19/24-10:26:59:690 (395) 0 [Utility.Event] Executing chown irisowner:irisowner /irisdata/mgr/
07/19/24-10:26:59:721 (395) 0 [Utility.Event] Executing cp -fp /usr/irissys/mgr/messages.log /irisdata/mgr/messages.log
07/19/24-10:26:59:781 (395) 0 [Utility.Event] Executing cp -fp /usr/irissys/mgr/.product /irisdata/mgr/.product
07/19/24-10:26:59:803 (395) 0 [Utility.Event] Executing cp -fp /usr/irissys/mgr/ilock /irisdata/mgr/ilock
07/19/24-10:26:59:866 (395) 0 [Utility.Event] Executing cp -fp /usr/irissys/mgr/irisodbc.ini /irisdata/mgr/irisodbc.ini
07/19/24-10:26:59:979 (395) 0 [Utility.Event] Database ENSLIB is set to read only, not copied to /irisdata/
07/19/24-10:26:59:988 (395) 0 [Utility.Event] Creating directory /irisdata/mgr/HSCUSTOM/
07/19/24-10:27:00:008 (395) 0 [Utility.Event] Executing chown irisowner:irisowner /irisdata/mgr/HSCUSTOM/
07/19/24-10:27:00:016 (395) 0 [Utility.Event] Executing cp -fp /usr/irissys/mgr/HSCUSTOM/IRIS.DAT /irisdata/mgr/HSCUSTOM/IRIS.DAT
07/19/24-10:27:01:501 (395) 0 [Utility.Event] Database HSLIB is set to read only, not copied to /irisdata/
07/19/24-10:27:01:509 (395) 0 [Utility.Event] Creating directory /irisdata/mgr/hssys/
07/19/24-10:27:01:515 (395) 0 [Utility.Event] Executing chown irisowner:irisowner /irisdata/mgr/hssys/
07/19/24-10:27:01:521 (395) 0 [Utility.Event] Executing cp -fp /usr/irissys/mgr/hssys/IRIS.DAT /irisdata/mgr/hssys/IRIS.DAT
07/19/24-10:27:02:551 (395) 0 [Utility.Event] Creating directory /irisdata/mgr/irisaudit/
07/19/24-10:27:02:559 (395) 0 [Utility.Event] Executing chown irisowner:irisowner /irisdata/mgr/irisaudit/
07/19/24-10:27:02:565 (395) 0 [Utility.Event] Executing cp -fp /usr/irissys/mgr/irisaudit/IRIS.DAT /irisdata/mgr/irisaudit/IRIS.DAT
07/19/24-10:27:03:010 (395) 0 [Utility.Event] Database IRISLIB is set to read only, not copied to /irisdata/
07/19/24-10:27:03:016 (395) 0 [Utility.Event] Creating directory /irisdata/mgr/irislocaldata/
07/19/24-10:27:03:023 (395) 0 [Utility.Event] Executing chown irisowner:irisowner /irisdata/mgr/irislocaldata/
07/19/24-10:27:03:029 (395) 0 [Utility.Event] Executing cp -fp /usr/irissys/mgr/irislocaldata/IRIS.DAT /irisdata/mgr/irislocaldata/IRIS.DAT
07/19/24-10:27:03:415 (395) 0 [Utility.Event] Creating directory /irisdata/mgr/
07/19/24-10:27:03:417 (395) 0 [Utility.Event] Executing chown irisowner:irisowner /irisdata/mgr/
07/19/24-10:27:03:425 (395) 0 [Utility.Event] Executing cp -fp /usr/irissys/mgr/IRIS.DAT /irisdata/mgr/IRIS.DAT
07/19/24-10:27:05:976 (395) 0 [Utility.Event] Creating directory /irisdata/mgr/iristemp/
07/19/24-10:27:05:983 (395) 0 [Utility.Event] Executing chown irisowner:irisowner /irisdata/mgr/iristemp/
07/19/24-10:27:05:988 (395) 0 [Utility.Event] Executing cp -fp /usr/irissys/mgr/iristemp/IRIS.DAT /irisdata/mgr/iristemp/IRIS.DAT
07/19/24-10:27:08:722 (395) 0 [Utility.Event] Creating directory /irisdata/mgr/user/
07/19/24-10:27:08:742 (395) 0 [Utility.Event] Executing chown irisowner:irisowner /irisdata/mgr/user/
07/19/24-10:27:08:766 (395) 0 [Utility.Event] Executing cp -fp /usr/irissys/mgr/user/IRIS.DAT /irisdata/mgr/user/IRIS.DAT
07/19/24-10:27:09:653 (395) 0 [Utility.Event] Creating directory /irisdata/mgr/XID/
07/19/24-10:27:09:672 (395) 0 [Utility.Event] Executing chown irisowner:irisowner /irisdata/mgr/XID/
07/19/24-10:27:09:684 (395) 0 [Utility.Event] Executing cp -fp /usr/irissys/mgr/XID/IRIS.DAT /irisdata/mgr/XID/IRIS.DAT
07/19/24-10:27:19:003 (395) 0 [Utility.Event] Creating directory /irisdata/mgr/journal/
07/19/24-10:27:19:082 (395) 0 [Utility.Event] Executing chown irisowner:irisowner /irisdata/mgr/journal/
07/19/24-10:27:19:141 (395) 0 [Utility.Event] Executing cp -fp /usr/irissys/iris.cpf /irisdata/iris.cpf
07/19/24-10:27:19:222 (395) 0 [Utility.Event] Creating directory /irisdata/httpd/
07/19/24-10:27:19:242 (395) 0 [Utility.Event] Executing chown irisowner:irisowner /irisdata/httpd/
07/19/24-10:27:19:296 (395) 0 [Utility.Event] Creating directory /irisdata/httpd/logs/
07/19/24-10:27:19:478 (395) 0 [Utility.Event] Executing chown irisowner:irisowner /irisdata/httpd/logs/
07/19/24-10:27:19:650 (395) 0 [Utility.Event] Creating directory /irisdata/httpd/conf/
07/19/24-10:27:19:670 (395) 0 [Utility.Event] Executing chown irisowner:irisowner /irisdata/httpd/conf/
07/19/24-10:27:19:700 (395) 0 [Utility.Event] Executing cp -fp /usr/irissys/httpd/conf/httpd.conf /irisdata/httpd/conf/httpd.conf
07/19/24-10:27:20:163 (395) 0 [Utility.Event] Creating directory /irisdata/csp/
07/19/24-10:27:20:181 (395) 0 [Utility.Event] Executing chown irisowner:irisowner /irisdata/csp/
07/19/24-10:27:20:208 (395) 0 [Utility.Event] Creating directory /irisdata/dev/
07/19/24-10:27:20:249 (395) 0 [Utility.Event] Executing chown irisowner:irisowner /irisdata/dev/
07/19/24-10:27:20:270 (395) 0 [Utility.Event] Creating directory /irisdata/dev/python/
07/19/24-10:27:20:322 (395) 0 [Utility.Event] Executing chown irisowner:irisowner /irisdata/dev/python/
07/19/24-10:27:20:380 (395) 0 [Utility.Event] Creating directory /irisdata/dev/python/virtual/
07/19/24-10:27:20:422 (395) 0 [Utility.Event] Executing chown irisowner:irisowner /irisdata/dev/python/virtual/
07/19/24-10:27:20:568 (395) 0 [Utility.Event] Creating directory /irisdata/csp/temp/
07/19/24-10:27:20:578 (395) 0 [Utility.Event] Executing chown irisowner:irisowner /irisdata/csp/temp/
07/19/24-10:27:20:639 (395) 0 [Utility.Event] Creating directory /irisdata/csp/broker/
07/19/24-10:27:20:690 (395) 0 [Utility.Event] Executing chown irisowner:irisowner /irisdata/csp/broker/
07/19/24-10:27:20:713 (395) 0 [Utility.Event] Creating directory /irisdata/csp/user/
07/19/24-10:27:20:724 (395) 0 [Utility.Event] Executing chown irisowner:irisowner /irisdata/csp/user/
07/19/24-10:27:20:784 (395) 0 [Utility.Event] Creating directory /irisdata/csp/bin/
07/19/24-10:27:20:813 (395) 0 [Utility.Event] Executing chown irisowner:irisowner /irisdata/csp/bin/
07/19/24-10:27:21:868 (395) 0 [Utility.Event] Creating directory /irisdata/csp/broker/covers/
07/19/24-10:27:21:873 (395) 0 [Utility.Event] Executing chown irisowner:irisowner /irisdata/csp/broker/covers/
07/19/24-10:27:22:513 (395) 0 [Utility.Event] Creating directory /irisdata/csp/broker/deepsee/
07/19/24-10:27:22:840 (395) 0 [Utility.Event] Executing chown irisowner:irisowner /irisdata/csp/broker/deepsee/
07/19/24-10:27:24:921 (395) 0 [Utility.Event] Executing cp -fp /usr/irissys/csp/bin/CSP.ini /irisdata/csp/bin/CSP.ini
07/19/24-10:27:24:930 (395) 0 [Utility.Event] Executing cp -fp /usr/irissys/csp/bin/CSPRT.ini /irisdata/csp/bin/CSPRT.ini
07/19/24-10:27:24:941 (395) 0 [Utility.Event] Creating directory /irisdata/dist/
07/19/24-10:27:24:952 (395) 0 [Utility.Event] Executing chown irisowner:irisowner /irisdata/dist/
07/19/24-10:27:24:963 (395) 0 [Utility.Event] Creating directory /irisdata/dist/install/
07/19/24-10:27:24:972 (395) 0 [Utility.Event] Executing chown irisowner:irisowner /irisdata/dist/install/
07/19/24-10:27:24:981 (395) 0 [Utility.Event] Creating directory /irisdata/dist/install/misc/
07/19/24-10:27:24:988 (395) 0 [Utility.Event] Executing chown irisowner:irisowner /irisdata/dist/install/misc/
07/19/24-10:27:24:994 (395) 0 [Utility.Event] Executing cp -fp /usr/irissys/dist/install/misc/buildver /irisdata/dist/install/misc/buildver
07/19/24-10:27:25:011 (395) 0 [Utility.Event] File copy complete
07/19/24-10:27:25:014 (395) 0 [Utility.Event] Updating configuration files
07/19/24-10:27:27:371 (395) 0 [Utility.Event] Creating directory /irisdata/ContainerCheck/
07/19/24-10:27:27:381 (395) 0 [Utility.Event] Executing chown irisowner:irisowner /irisdata/ContainerCheck/
07/19/24-10:27:27:388 (395) 0 [Utility.Event] Executing cp -fp /usr/irissys/dev/Container/ContainerCheck.sh /irisdata/ContainerCheck/ContainerCheck.sh
07/19/24-10:27:27:399 (395) 0 [Utility.Event] Executing /usr/irissys/bin/iris update IRIS datadir=/irisdata/
07/19/24-10:27:27:467 (395) 0 [Utility.Event] Executing cp -fp /usr/irissys/bin/irismgr /usr/irissys/bin/irisinstall
07/19/24-10:27:27:473 (395) 0 [Utility.Event] Executing cp -fp /usr/irissys/bin/irisuxsusr /usr/irissys/bin/irisuxsinst
07/19/24-10:27:27:480 (395) 0 [Utility.Event] Executing /usr/irissys/bin/irisinstall -s/irisdata/mgr/ -cc -g20 -W1 -B -C/irisdata/iris.cpf*INSTALL
07/19/24-10:27:27:763 (1137) 0 [Generic.Event] Allocated 723MB shared memory
07/19/24-10:27:27:764 (1137) 0 [Generic.Event] 32MB global buffers, 300MB routine buffers, 64MB journal buffers, 13MB buffer descriptors, 300MB heap, 5MB ECP, 9MB miscellaneous
07/19/24-10:27:27:767 (1137) 0 [SIMD] SIMD optimization level: DEFAULT
07/19/24-10:27:27:788 (1137) 0 [WriteDaemon.UsingWIJFile] Using WIJ file: /irisdata/mgr/IRIS.WIJ
07/19/24-10:27:27:789 (1137) 0 [Generic.Event] No journaling info from prior system
07/19/24-10:27:27:792 (1137) 0 [WriteDaemon.CreatingNewWIJ] Creating a new WIJ file
07/19/24-10:27:28:221 (1137) 0 [WriteDaemon.CreatedNewWIJ] New WIJ file created
07/19/24-10:27:28:230 (1137) 0 [Generic.Event] 
Startup of InterSystems IRIS [IRIS for UNIX (Ubuntu Server LTS for ARM64 Containers) 2023.2 (Build 227U) Mon Jul 31 2023 17:43:25 EDT]
	in /usr/irissys/bin/
	with mgr: /irisdata/mgr
	with wij: /irisdata/mgr/IRIS.WIJ
	from: /irisdata/mgr/
  OS=[Linux], version=[#1 SMP Thu Jun 13 14:13:01 UTC 2024], release=[6.6.32-linuxkit], machine=[aarch64]
  nodename=[ipc-xid].
  numasyncwijbuf: 2, wdwrite_asyncio_max: 64, wijdirectio: on, synctype: 3
  System Initialized.
07/19/24-10:27:28:231 (1170) 0 [WriteDaemon.Started] Write daemon started.
07/19/24-10:27:28:237 (395) 0 [Utility.Event] Executing /usr/irissys/bin/irisuxsinst -s/irisdata/mgr/ -B -V
07/19/24-10:27:28:252 (1181) 0 [Database.MountedRW] Mounted database /irisdata/mgr/ (SFN 0) read-write.
07/19/24-10:27:28:316 (1181) 0 [Database.MountedRO] Mounted database /usr/irissys/mgr/irislib/ (SFN 1) read-only. Database label is marked read-only. 
07/19/24-10:27:29:652 (395) 0 [Utility.Event] Executing rm -f /irisdata/mgr/install.in
07/19/24-10:27:29:659 (395) 0 [Utility.Event] Executing /usr/irissys/bin/irisuxsinst -s/irisdata/mgr/ -B -V INT^SHUTDOWN
07/19/24-10:27:29:688 (1183) 0 [Utility.Event] Shutting down InterSystems IRIS
07/19/24-10:27:29:726 (1183) 0 [Database.MountedRW] Mounted database /irisdata/mgr/irislocaldata/ (SFN 2) read-write.
07/19/24-10:27:29:739 (1183) 0 [Utility.Event] Notifying Clients
07/19/24-10:27:29:742 (1183) 0 [Utility.Event] No user shutdown routines to execute
07/19/24-10:27:29:745 (1183) 0 [Utility.Event] Stopping User Jobs
07/19/24-10:27:29:749 (1183) 0 [Utility.Event] Stopping Network Servers
07/19/24-10:27:29:753 (1183) 0 [Utility.Event] Withdrawing from License Domain
07/19/24-10:27:29:755 (1183) 0 [Utility.Event] Waiting for users to stop
07/19/24-10:27:29:756 (1183) 0 [Utility.Event] Stopping Client Networking
07/19/24-10:27:29:757 (1183) 0 [Utility.Event] Removing database locks
07/19/24-10:27:29:762 (1183) 0 [Utility.Event] Updating Journal File
07/19/24-10:27:29:765 (1183) 0 [Utility.Event] Journal restore not required at next startup
07/19/24-10:27:29:766 (1183) 0 [Utility.Event] Transaction rollback not required at next startup
07/19/24-10:27:31:770 (1183) 0 [Utility.Event] Waiting for database updates to complete
07/19/24-10:27:31:772 (1183) 0 [Utility.Event] Database updates complete
07/19/24-10:27:31:774 (1183) 0 [Utility.Event] Stopping System Jobs
07/19/24-10:27:31:877 (1172) 0 [Generic.Event] JRNDMN exited due to system shutdown
07/19/24-10:27:31:878 (1171) 0 [Generic.Event] GARCOL exited due to system shutdown
07/19/24-10:27:31:877 (1180) 0 [Generic.Event] EXPDMN exited due to system shutdown
07/19/24-10:27:31:981 (1174) 0 [Generic.Event] AUXWD #2 exited due to system shutdown
07/19/24-10:27:31:982 (1175) 0 [Generic.Event] AUXWD #3 exited due to system shutdown
07/19/24-10:27:31:981 (1173) 0 [Generic.Event] AUXWD #1 exited due to system shutdown
07/19/24-10:27:31:982 (1177) 0 [Generic.Event] AUXWD #5 exited due to system shutdown
07/19/24-10:27:31:982 (1176) 0 [Generic.Event] AUXWD #4 exited due to system shutdown
07/19/24-10:27:31:983 (1178) 0 [Generic.Event] AUXWD #6 exited due to system shutdown
07/19/24-10:27:31:983 (1179) 0 [Generic.Event] AUXWD #7 exited due to system shutdown
07/19/24-10:27:32:486 (1170) 0 [Generic.Event] No blocks pending in WIJ file
07/19/24-10:27:32:487 (1170) 0 [Generic.Event] WRTDMN exited due to system shutdown
07/19/24-10:27:32:587 (1137) 0 [Generic.Event] CONTROL exited due to system shutdown
07/19/24-10:27:33:691 (1183) 0 [Utility.Event] Shutdown complete
07/19/24-10:27:33:708 (395) 0 [Utility.Event] Executing rm -f /usr/irissys/bin/irisinstall
07/19/24-10:27:33:712 (395) 0 [Utility.Event] Executing rm -f /usr/irissys/bin/irisuxsint
07/19/24-10:27:33:715 (395) 0 [Utility.Event] Executing rm -f /irisdata/CloneIncomplete
07/19/24-10:27:33:717 (395) 0 [Utility.Event] Instance IRIS data directory moved to /irisdata/
07/19/24-10:27:33:719 (395) 0 [Utility.Event] Executing find /usr/irissys/ -type d -exec chmod ugo-w {} +
07/19/24-10:27:33:864 (395) 0 [Utility.Event] Executing chmod ugo-w /usr/irissys/



*** Recovery started at Fri Jul 19 10:27:34 2024
     Current default directory: /irisdata/mgr
     Log file directory: /irisdata/mgr/
     WIJ file spec: /irisdata/mgr/IRIS.WIJ
Recovering local (/irisdata/mgr/IRIS.WIJ) image journal file...
Starting WIJ recovery for '/irisdata/mgr/IRIS.WIJ'.
  0 blocks pending in this WIJ.
Exiting with status 3 (Success)
07/19/24-10:27:34:060 (1557) 0 [Generic.Event] Global buffer setting requires attention.  Auto-selected 25% of total memory.
07/19/24-10:27:34:190 (1557) 0 [Generic.Event] Allocated 9234MB shared memory
07/19/24-10:27:34:191 (1557) 0 [Generic.Event] 8012MB global buffers, 300MB routine buffers, 64MB journal buffers, 543MB buffer descriptors, 300MB heap, 5MB ECP, 9MB miscellaneous
07/19/24-10:27:34:192 (1557) 0 [SIMD] SIMD optimization level: DEFAULT
07/19/24-10:27:35:010 (1557) 0 [WriteDaemon.UsingWIJFile] Using WIJ file: /irisdata/mgr/IRIS.WIJ
07/19/24-10:27:35:014 (1557) 0 [Generic.Event] No journaling info from prior system
07/19/24-10:27:35:019 (1557) 0 [WriteDaemon.CreatingNewWIJ] Creating a new WIJ file
07/19/24-10:27:35:979 (1557) 0 [WriteDaemon.CreatedNewWIJ] New WIJ file created
07/19/24-10:27:35:993 (1557) 0 [Generic.Event] 
Startup of InterSystems IRIS [IRIS for UNIX (Ubuntu Server LTS for ARM64 Containers) 2023.2 (Build 227U) Mon Jul 31 2023 17:43:25 EDT]
	in /usr/irissys/bin/
	with mgr: /irisdata/mgr
	with wij: /irisdata/mgr/IRIS.WIJ
	from: /irisdata/mgr/
  OS=[Linux], version=[#1 SMP Thu Jun 13 14:13:01 UTC 2024], release=[6.6.32-linuxkit], machine=[aarch64]
  nodename=[ipc-xid].
  numasyncwijbuf: 2, wdwrite_asyncio_max: 64, wijdirectio: on, synctype: 3
  System Initialized.
07/19/24-10:27:35:996 (1598) 0 [WriteDaemon.Started] Write daemon started.
07/19/24-10:27:36:012 (1609) 0 [Database.MountedRW] Mounted database /irisdata/mgr/ (SFN 0) read-write.
07/19/24-10:27:36:044 (1609) 0 [Utility.Event] Instance 'IRIS' starting on node ipc-xid by user irisowner on 07/19/2024 10:27:36.044 UTC
07/19/24-10:27:36:046 (1609) 0 [Utility.Event] Using parameters from file '/irisdata/iris.cpf'
07/19/24-10:27:36:054 (1609) 0 [Utility.Event] Loading DLLs
07/19/24-10:27:36:057 (1557) 1 [Generic.Event] Cannot lock /usr/irissys/mgr/irislib/ err(13): will try accessing readonly
07/19/24-10:27:36:058 (1609) 0 [Database.MountedRO] Mounted database /usr/irissys/mgr/irislib/ (SFN 1) read-only. File or filesystem allows read-only access. 
07/19/24-10:27:36:061 (1609) 0 [Utility.Event] Switching to temporary %SYS Namespace
07/19/24-10:27:36:089 (1609) 0 [Utility.Event] Loading Locale enuw (English, United States, Unicode) from objects
07/19/24-10:27:36:129 (1609) 0 [Utility.Event] Using OpenSSL 3.0.2 15 Mar 2022
07/19/24-10:27:36:207 (1609) 0 [Database.MountedRW] Mounted database /irisdata/mgr/iristemp/ (SFN 2) read-write.
07/19/24-10:27:36:220 (1609) 0 [Utility.Event] /irisdata/mgr/iristemp/ initialized as IRISTEMP
07/19/24-10:27:36:232 (1609) 0 [Database.MountedRW] Mounted database /irisdata/mgr/irislocaldata/ (SFN 3) read-write.
07/19/24-10:27:36:239 (1609) 0 [Utility.Event] Switching to default %SYS Namespace
07/19/24-10:27:36:243 (1609) 0 [Utility.Event] Added ethernet device tunl0,gre0,gretap0,erspan0,ip_vti0,ip6_vti0,sit0,ip6tnl0,ip6gre0 to default list
07/19/24-10:27:36:275 (1610) 0 [Utility.Event] Log Monitor Started
07/19/24-10:27:36:381 (1616) 0 [Utility.Event] Clean Daemon Started
07/19/24-10:27:36:388 (1609) 1 [Utility.Event] Configuration file /irisdata/iris.cpf is not the same as when last shut down
07/19/24-10:27:38:536 (1609) 0 [Utility.Event] Updating configuration information from /irisdata/iris.cpf
07/19/24-10:27:38:571 (1609) 0 [Utility.Event] Performing Journal Recovery
07/19/24-10:27:38:573 (1609) 0 [Utility.Event] Graceful system shutdown, journal restore not required
07/19/24-10:27:38:574 (1609) 0 [Utility.Event] Graceful system shutdown, transaction rollback not required
07/19/24-10:27:38:588 (1609) 0 [Utility.Event] START: /irisdata/mgr/journal/20240719.001
07/19/24-10:27:38:589 (1609) 1 [Generic.Event] Warning: Alternate and primary journal directories are the same
07/19/24-10:27:38:601 (1609) 0 [Generic.Event] INTERSYSTEMS IRIS JOURNALING SYSTEM MESSAGE
Journaling started to: /irisdata/mgr/journal/20240719.001
07/19/24-10:27:38:602 (1609) 0 [Utility.Event] Journaling to /irisdata/mgr/journal/20240719.001 started.
07/19/24-10:27:38:603 (1609) 0 [Utility.Event] Processing WorkQueues section
07/19/24-10:27:38:610 (1609) 0 [Utility.Event] Processing Startup section
07/19/24-10:27:38:619 (1617) 0 [Utility.Event] Purging old application errors
07/19/24-10:27:38:625 (1609) 0 [Utility.Event] Created temp directory /irisdata/mgr/Temp
07/19/24-10:27:38:628 (1609) 0 [Utility.Event] Processing config section
07/19/24-10:27:38:643 (1609) 0 [Utility.Event] Initializing Security system
07/19/24-10:27:38:662 (1609) 0 [Utility.Event] Processing Network section
07/19/24-10:27:38:667 (1609) 0 [Utility.Event] Activating Network
07/19/24-10:27:38:673 (1609) 0 [Utility.Event] Processing Databases section
07/19/24-10:27:38:691 (1609) 0 [Database.MountedRW] Mounted database /irisdata/mgr/irisaudit/ (SFN 4) read-write.
07/19/24-10:27:38:696 (1609) 0 [Utility.Event] Processing Namespaces section
07/19/24-10:27:38:698 (1609) 0 [Utility.Event] Loading all namespaces
07/19/24-10:27:38:712 (1557) 1 [Generic.Event] Cannot lock /usr/irissys/mgr/hslib/ err(13): will try accessing readonly
07/19/24-10:27:38:713 (1609) 0 [Database.MountedRO] Mounted database /usr/irissys/mgr/hslib/ (SFN 5) read-only. File or filesystem allows read-only access. 
07/19/24-10:27:38:723 (1609) 0 [Database.MountedRW] Mounted database /irisdata/mgr/HSCUSTOM/ (SFN 6) read-write.
07/19/24-10:27:38:726 (1557) 1 [Generic.Event] Cannot lock /usr/irissys/mgr/enslib/ err(13): will try accessing readonly
07/19/24-10:27:38:728 (1609) 0 [Database.MountedRO] Mounted database /usr/irissys/mgr/enslib/ (SFN 7) read-only. File or filesystem allows read-only access. 
07/19/24-10:27:38:808 (1609) 0 [Utility.Event] Activating namespaces
07/19/24-10:27:38:811 (1609) 0 [Utility.Event] Activating new namespace map
07/19/24-10:27:38:842 (1609) 0 [Utility.Event] Namespace changes have been activated
07/19/24-10:27:38:844 (1609) 0 [Utility.Event] Rebuilding Extent index for namespace HSCUSTOM
07/19/24-10:27:42:494 (1609) 0 [Utility.Event] Rebuilding Extent index for namespace HSLIB
07/19/24-10:27:42:498 (1609) 0 [Utility.Event] Rebuilding Extent index for namespace HSSYS
07/19/24-10:27:42:505 (1609) 0 [Database.MountedRW] Mounted database /irisdata/mgr/hssys/ (SFN 8) read-write.
07/19/24-10:27:42:599 (1609) 0 [Utility.Event] Rebuilding Extent index for namespace USER
07/19/24-10:27:42:606 (1609) 0 [Database.MountedRW] Mounted database /irisdata/mgr/user/ (SFN 9) read-write.
07/19/24-10:27:42:652 (1609) 0 [Utility.Event] Rebuilding Extent index for namespace XID
07/19/24-10:27:42:687 (1609) 0 [Database.MountedRW] Mounted database /irisdata/mgr/XID/ (SFN 10) read-write.
07/19/24-10:27:42:944 (1609) 0 [Utility.Event] Rebuild of Extent index completed
07/19/24-10:27:42:953 (1609) 0 [Utility.Event] Starting Super Server on port 1972
07/19/24-10:27:42:960 (1609) 0 [Utility.Event] Network Lock Upload Phase Starting
07/19/24-10:27:42:961 (1609) 0 [Utility.Event] Lock Upload Phase Complete
07/19/24-10:27:42:962 (1609) 0 [Utility.Event] Processing Miscellaneous section
07/19/24-10:27:42:982 (1623) 0 [Utility.Event] LMF Info:  Licensed for 8 users.
07/19/24-10:27:42:987 (1624) 0 [Utility.Event] Starting Servers
07/19/24-10:27:42:989 (1609) 0 [Utility.Event] Processing Devices section
07/19/24-10:27:42:995 (1609) 0 [Utility.Event] Processing DeviceSubTypes section
07/19/24-10:27:43:002 (1609) 0 [Utility.Event] Processing MagTape section
07/19/24-10:27:43:008 (1609) 0 [Utility.Event] Processing IO section
07/19/24-10:27:43:011 (1609) 0 [Utility.Event] Processing SQL section
07/19/24-10:27:43:015 (1609) 0 [Utility.Event] Processing Macro Pre-Processor (MPP) section
07/19/24-10:27:43:019 (1609) 0 [Utility.Event] Processing OS Package Requirements section
07/19/24-10:27:43:416 (1624) 0 [Utility.Event] Private webserver started on 52773
07/19/24-10:27:43:418 (1624) 0 [Utility.Event] Processing Shadows section (this system as shadow)
07/19/24-10:27:43:425 (1624) 0 [Utility.Event] Processing Monitor section
07/19/24-10:27:43:446 (1635) 0 [Utility.Event] Starting TASKMGR
07/19/24-10:27:43:457 (1636) 0 [Utility.Event] [SYSTEM MONITOR] System Monitor started in %SYS
07/19/24-10:27:43:481 (1624) 0 [Utility.Event] Shard license: 0
07/19/24-10:27:43:481 (1638) 0 [Utility.Event] WorkQueue: Starting work queue daemon parent=1624
07/19/24-10:27:46:253 (1609) 0 [Generic.Event] Auditing to /irisdata/mgr/irisaudit/
07/19/24-10:27:46:328 (1609) 0 [Utility.Event] Executing ^ZSTU routine
07/19/24-10:27:46:329 (1609) 0 [Utility.Event] Executing ^%ZSTART routine
07/19/24-10:27:46:330 (1609) 0 [Utility.Event] Enabling logons
07/19/24-10:27:48:359 (1609) 0 [Utility.Event] Activating XID namespace map
07/19/24-10:27:48:376 (1609) 0 [Utility.Event] Namespace XID changes have been activated
07/19/24-10:27:50:536 (1609) 0 [Utility.Event] Activating XID namespace map
07/19/24-10:27:50:541 (1609) 0 [Utility.Event] Namespace XID changes have been activated
07/19/24-10:27:50:685 (1609) 0 [Utility.Event] IRIS for UNIX (Ubuntu Server LTS for ARM64 Containers) 2023.2 (Build 227U) Mon Jul 31 2023 17:43:25 EDT [Health:5.1.3]
07/19/24-10:27:50:686 (1609) 0 [Utility.Event] Initializing Interoperability during system startup
07/19/24-10:27:50:688 (1609) 0 [Utility.Event] Interoperability: Starting production 'XIDPKG.FoundationProduction' in namespace 'XID'.
07/19/24-10:29:00:718 (1557) 0 [Generic.Event] Starting pidtab expansion (4 chunks)
07/19/24-10:29:00:721 (1557) 0 [Generic.Event] Ending pidtab expansion (4 chunks)
